TN:
SF:src\services\lancamentoService.ts
FN:5,getAll
FN:9,getById
FN:13,create
FN:20,update
FN:27,delete
FN:33,getByAno
FN:37,getByMes
FN:41,getByDia
FN:45,getSomatoria
FN:49,getAllEmpresa
FN:53,getSomatoriaEmpresa
FNF:11
FNH:1
FNDA:1,getAll
FNDA:0,getById
FNDA:0,create
FNDA:0,update
FNDA:0,delete
FNDA:0,getByAno
FNDA:0,getByMes
FNDA:0,getByDia
FNDA:0,getSomatoria
FNDA:0,getAllEmpresa
FNDA:0,getSomatoriaEmpresa
DA:4,1
DA:6,1
DA:10,0
DA:14,0
DA:21,0
DA:28,0
DA:34,0
DA:38,0
DA:42,0
DA:46,0
DA:50,0
DA:54,0
LF:12
LH:2
BRF:0
BRH:0
end_of_record
